<?xml version="1.0" encoding="UTF-8"?>
<!-- Generated by org.testng.reporters.JUnitReportReporter -->
<testsuite hostname="NIT-LPT-R289" failures="0" tests="1" name="maven.Maven" time="61.669" errors="0" timestamp="2021-07-14T10:47:54 IST" skipped="0">
  <testcase classname="maven.Maven" name="jenkins" time="61.669"/>
  <system-out/>
</testsuite> <!-- maven.Maven -->
